<?xml version="1.0" encoding="UTF-8"?>
<!-- Generated by org.testng.reporters.JUnitReportReporter -->
<testsuite hostname="DESKTOP-7AOGAQL" failures="0" tests="1" name="automation.PestRoutes.Utilities.GetDate" time="0.025" errors="0" timestamp="2020-02-13T16:32:23 CST" skipped="0">
  <testcase classname="automation.PestRoutes.Utilities.GetDate" name="getDateByDay" time="0.025"/>
</testsuite> <!-- automation.PestRoutes.Utilities.GetDate -->
