<?xml version="1.0" encoding="UTF-8"?>
<!-- Generated by org.testng.reporters.JUnitReportReporter -->
<testsuite hostname="DESKTOP-7AOGAQL" failures="0" tests="1" name="automation.PestRoutes.Controller.ScheduleAppt" time="21.106" errors="0" timestamp="2020-02-12T14:40:17 CST" skipped="0">
  <testcase classname="automation.PestRoutes.Controller.ScheduleAppt" name="createSchedule" time="21.106"/>
</testsuite> <!-- automation.PestRoutes.Controller.ScheduleAppt -->
