<?xml version="1.0" encoding="UTF-8"?>
<!-- Generated by org.testng.reporters.JUnitReportReporter -->
<testsuite hostname="DESKTOP-7AOGAQL" failures="0" tests="1" name="automation.PestRoutes.Controller.Subscriptions.AddSubscription" time="12.564" errors="0" timestamp="2020-02-19T16:04:14 CST" skipped="0">
  <testcase classname="automation.PestRoutes.Controller.Subscriptions.AddSubscription" name="validateSubscription" time="12.564"/>
</testsuite> <!-- automation.PestRoutes.Controller.Subscriptions.AddSubscription -->
