<?xml version="1.0" encoding="UTF-8"?>
<!-- Generated by org.testng.reporters.JUnitReportReporter -->
<testsuite hostname="DESKTOP-7AOGAQL" failures="0" tests="1" name="automation.PestRoutes.Controller.CreateNewCustomer" time="6.273" errors="0" timestamp="2020-02-18T08:58:58 CST" skipped="0">
  <testcase classname="automation.PestRoutes.Controller.CreateNewCustomer" name="CreateCustomer" time="6.273"/>
</testsuite> <!-- automation.PestRoutes.Controller.CreateNewCustomer -->
