<?xml version="1.0" encoding="UTF-8"?>
<!-- Generated by org.testng.reporters.JUnitReportReporter -->
<testsuite hostname="DESKTOP-7AOGAQL" failures="0" tests="1" name="automation.PestRoutes.Controller.CustomerCreation.CreateNewCustomer" time="6.189" errors="0" timestamp="2020-02-20T09:46:15 CST" skipped="0">
  <testcase classname="automation.PestRoutes.Controller.CustomerCreation.CreateNewCustomer" name="CreateCustomer" time="6.189"/>
</testsuite> <!-- automation.PestRoutes.Controller.CustomerCreation.CreateNewCustomer -->
